# JRE version: Java(TM) SE Runtime Environment (23.0+37) (build 23+37-2369)
# Java VM: Java HotSpot(TM) 64-Bit Server VM (23+37-2369, mixed mode, sharing, tiered, compressed oops, compressed class ptrs, g1 gc, windows-amd64)
GC Precious Log:
 CardTable entry size: 512
 Card Set container configuration: InlinePtr #cards 4 size 8 Array Of Cards #cards 32 size 80 Howl #buckets 8 coarsen threshold 7372 Howl Bitmap #cards 1024 size 144 coarsen threshold 921 Card regions per heap region 1 cards per card region 8192
 CPUs: 20 total, 20 available
 Memory: 16068M
 Large Page Support: Disabled
 NUMA Support: Disabled
 Compressed Oops: Enabled (Zero based)
 Heap Region Size: 4M
 Heap Min Capacity: 8M
 Heap Initial Capacity: 252M
 Heap Max Capacity: 8G
 Pre-touch: Disabled
 Parallel Workers: 15
 Concurrent Workers: 4
 Concurrent Refinement Workers: 15
 Periodic GC: Disabled
Heap:
 garbage-first heap   total reserved 8388608K, committed 192512K, used 118653K [0x0000000600000000, 0x0000000800000000)
  region size 4096K, 3 young (12288K), 2 survivors (8192K)
 Metaspace       used 123172K, committed 125504K, reserved 1179648K
  class space    used 16330K, committed 17408K, reserved 1048576K
GC Heap History (20 events):
Event: 26.192 GC heap before
{Heap before GC invocations=45 (full 0):
 garbage-first heap   total reserved 8388608K, committed 180224K, used 164593K [0x0000000600000000, 0x0000000800000000)
  region size 4096K, 26 young (106496K), 3 survivors (12288K)
 Metaspace       used 72562K, committed 73920K, reserved 1114112K
  class space    used 10201K, committed 10816K, reserved 1048576K
}
Event: 26.200 GC heap after
{Heap after GC invocations=46 (full 0):
 garbage-first heap   total reserved 8388608K, committed 192512K, used 74727K [0x0000000600000000, 0x0000000800000000)
  region size 4096K, 4 young (16384K), 4 survivors (16384K)
 Metaspace       used 72562K, committed 73920K, reserved 1114112K
  class space    used 10201K, committed 10816K, reserved 1048576K
}
Event: 27.493 GC heap before
{Heap before GC invocations=46 (full 0):
 garbage-first heap   total reserved 8388608K, committed 192512K, used 160743K [0x0000000600000000, 0x0000000800000000)
  region size 4096K, 25 young (102400K), 4 survivors (16384K)
 Metaspace       used 82214K, committed 84032K, reserved 1179648K
  class space    used 11325K, committed 12160K, reserved 1048576K
}
Event: 27.503 GC heap after
{Heap after GC invocations=47 (full 0):
 garbage-first heap   total reserved 8388608K, committed 192512K, used 82358K [0x0000000600000000, 0x0000000800000000)
  region size 4096K, 2 young (8192K), 2 survivors (8192K)
 Metaspace       used 82214K, committed 84032K, reserved 1179648K
  class space    used 11325K, committed 12160K, reserved 1048576K
}
Event: 27.552 GC heap before
{Heap before GC invocations=47 (full 0):
 garbage-first heap   total reserved 8388608K, committed 192512K, used 82358K [0x0000000600000000, 0x0000000800000000)
  region size 4096K, 3 young (12288K), 2 survivors (8192K)
 Metaspace       used 82635K, committed 84416K, reserved 1179648K
  class space    used 11383K, committed 12224K, reserved 1048576K
}
Event: 27.554 GC heap after
{Heap after GC invocations=48 (full 0):
 garbage-first heap   total reserved 8388608K, committed 192512K, used 81680K [0x0000000600000000, 0x0000000800000000)
  region size 4096K, 2 young (8192K), 2 survivors (8192K)
 Metaspace       used 82635K, committed 84416K, reserved 1179648K
  class space    used 11383K, committed 12224K, reserved 1048576K
}
Event: 28.729 GC heap before
{Heap before GC invocations=49 (full 0):
 garbage-first heap   total reserved 8388608K, committed 192512K, used 167696K [0x0000000600000000, 0x0000000800000000)
  region size 4096K, 23 young (94208K), 2 survivors (8192K)
 Metaspace       used 89217K, committed 90944K, reserved 1179648K
  class space    used 12231K, committed 13056K, reserved 1048576K
}
Event: 28.734 GC heap after
{Heap after GC invocations=50 (full 0):
 garbage-first heap   total reserved 8388608K, committed 192512K, used 87956K [0x0000000600000000, 0x0000000800000000)
  region size 4096K, 3 young (12288K), 3 survivors (12288K)
 Metaspace       used 89217K, committed 90944K, reserved 1179648K
  class space    used 12231K, committed 13056K, reserved 1048576K
}
Event: 30.299 GC heap before
{Heap before GC invocations=50 (full 0):
 garbage-first heap   total reserved 8388608K, committed 192512K, used 165780K [0x0000000600000000, 0x0000000800000000)
  region size 4096K, 22 young (90112K), 3 survivors (12288K)
 Metaspace       used 96182K, committed 97984K, reserved 1179648K
  class space    used 13004K, committed 13824K, reserved 1048576K
}
Event: 30.307 GC heap after
{Heap after GC invocations=51 (full 0):
 garbage-first heap   total reserved 8388608K, committed 192512K, used 89435K [0x0000000600000000, 0x0000000800000000)
  region size 4096K, 3 young (12288K), 3 survivors (12288K)
 Metaspace       used 96182K, committed 97984K, reserved 1179648K
  class space    used 13004K, committed 13824K, reserved 1048576K
}
Event: 31.320 GC heap before
{Heap before GC invocations=51 (full 0):
 garbage-first heap   total reserved 8388608K, committed 192512K, used 167259K [0x0000000600000000, 0x0000000800000000)
  region size 4096K, 22 young (90112K), 3 survivors (12288K)
 Metaspace       used 106941K, committed 108800K, reserved 1179648K
  class space    used 14123K, committed 14976K, reserved 1048576K
}
Event: 31.325 GC heap after
{Heap after GC invocations=52 (full 0):
 garbage-first heap   total reserved 8388608K, committed 192512K, used 93843K [0x0000000600000000, 0x0000000800000000)
  region size 4096K, 3 young (12288K), 3 survivors (12288K)
 Metaspace       used 106941K, committed 108800K, reserved 1179648K
  class space    used 14123K, committed 14976K, reserved 1048576K
}
Event: 32.570 GC heap before
{Heap before GC invocations=52 (full 0):
 garbage-first heap   total reserved 8388608K, committed 192512K, used 163475K [0x0000000600000000, 0x0000000800000000)
  region size 4096K, 20 young (81920K), 3 survivors (12288K)
 Metaspace       used 115914K, committed 118016K, reserved 1179648K
  class space    used 15211K, committed 16192K, reserved 1048576K
}
Event: 32.575 GC heap after
{Heap after GC invocations=53 (full 0):
 garbage-first heap   total reserved 8388608K, committed 192512K, used 95328K [0x0000000600000000, 0x0000000800000000)
  region size 4096K, 2 young (8192K), 2 survivors (8192K)
 Metaspace       used 115914K, committed 118016K, reserved 1179648K
  class space    used 15211K, committed 16192K, reserved 1048576K
}
Event: 33.467 GC heap before
{Heap before GC invocations=53 (full 0):
 garbage-first heap   total reserved 8388608K, committed 192512K, used 169056K [0x0000000600000000, 0x0000000800000000)
  region size 4096K, 20 young (81920K), 2 survivors (8192K)
 Metaspace       used 118149K, committed 120384K, reserved 1179648K
  class space    used 15577K, committed 16640K, reserved 1048576K
}
Event: 33.473 GC heap after
{Heap after GC invocations=54 (full 0):
 garbage-first heap   total reserved 8388608K, committed 192512K, used 103293K [0x0000000600000000, 0x0000000800000000)
  region size 4096K, 3 young (12288K), 3 survivors (12288K)
 Metaspace       used 118149K, committed 120384K, reserved 1179648K
  class space    used 15577K, committed 16640K, reserved 1048576K
}
Event: 34.469 GC heap before
{Heap before GC invocations=55 (full 0):
 garbage-first heap   total reserved 8388608K, committed 192512K, used 164733K [0x0000000600000000, 0x0000000800000000)
  region size 4096K, 18 young (73728K), 3 survivors (12288K)
 Metaspace       used 119531K, committed 121856K, reserved 1179648K
  class space    used 15764K, committed 16832K, reserved 1048576K
}
Event: 34.478 GC heap after
{Heap after GC invocations=56 (full 0):
 garbage-first heap   total reserved 8388608K, committed 192512K, used 111212K [0x0000000600000000, 0x0000000800000000)
  region size 4096K, 2 young (8192K), 2 survivors (8192K)
 Metaspace       used 119531K, committed 121856K, reserved 1179648K
  class space    used 15764K, committed 16832K, reserved 1048576K
}
Event: 35.303 GC heap before
{Heap before GC invocations=56 (full 0):
 garbage-first heap   total reserved 8388608K, committed 192512K, used 168556K [0x0000000600000000, 0x0000000800000000)
  region size 4096K, 16 young (65536K), 2 survivors (8192K)
 Metaspace       used 123030K, committed 125376K, reserved 1179648K
  class space    used 16330K, committed 17408K, reserved 1048576K
}
Event: 35.309 GC heap after
{Heap after GC invocations=57 (full 0):
 garbage-first heap   total reserved 8388608K, committed 192512K, used 113204K [0x0000000600000000, 0x0000000800000000)
  region size 4096K, 2 young (8192K), 2 survivors (8192K)
 Metaspace       used 123030K, committed 125376K, reserved 1179648K
  class space    used 16330K, committed 17408K, reserved 1048576K
}

